Error reporting
	 Date Time: 2021-08-15 21:18:02
	 Error Number: 8
	 Error Type: Notice
	 Error Message: Undefined index: accounttype
	 file name: C:\MAMP\htdocs\Betting-R-Us\faq.php
	 Error line number: 15
End reporting
Error reporting
	 Date Time: 2021-08-15 21:18:06
	 Error Number: 8
	 Error Type: Notice
	 Error Message: Undefined index: accounttype
	 file name: C:\MAMP\htdocs\Betting-R-Us\faq.php
	 Error line number: 15
End reporting
Error reporting
	 Date Time: 2021-08-15 21:20:01
	 Error Number: 8
	 Error Type: Notice
	 Error Message: Undefined index: accounttype
	 file name: C:\MAMP\htdocs\Betting-R-Us\faq.php
	 Error line number: 15
End reporting
Error reporting
	 Date Time: 2021-08-15 21:20:44
	 Error Number: 8
	 Error Type: Notice
	 Error Message: Undefined index: accounttype
	 file name: C:\MAMP\htdocs\Betting-R-Us\faq.php
	 Error line number: 14
End reporting
Error reporting
	 Date Time: 2021-08-15 21:21:37
	 Error Number: 8
	 Error Type: Notice
	 Error Message: Undefined index: accounttype
	 file name: C:\MAMP\htdocs\Betting-R-Us\faq.php
	 Error line number: 14
End reporting
Error reporting
	 Date Time: 2021-08-15 21:22:32
	 Error Number: 8
	 Error Type: Notice
	 Error Message: Undefined index: accounttype
	 file name: C:\MAMP\htdocs\Betting-R-Us\faq.php
	 Error line number: 14
End reporting
Error reporting
	 Date Time: 2021-08-15 21:22:45
	 Error Number: 8
	 Error Type: Notice
	 Error Message: Undefined index: accounttype
	 file name: C:\MAMP\htdocs\Betting-R-Us\contact-us.php
	 Error line number: 8
End reporting
Error reporting
	 Date Time: 2021-08-15 21:22:50
	 Error Number: 8
	 Error Type: Notice
	 Error Message: Undefined index: accounttype
	 file name: C:\MAMP\htdocs\Betting-R-Us\contact-us.php
	 Error line number: 8
End reporting
Error reporting
	 Date Time: 2021-08-15 21:23:44
	 Error Number: 8
	 Error Type: Notice
	 Error Message: Undefined index: accounttype
	 file name: C:\MAMP\htdocs\Betting-R-Us\faq.php
	 Error line number: 14
End reporting
Error reporting
	 Date Time: 2021-08-15 21:24:14
	 Error Number: 8
	 Error Type: Notice
	 Error Message: Undefined index: accounttype
	 file name: C:\MAMP\htdocs\Betting-R-Us\faq.php
	 Error line number: 14
End reporting
Error reporting
	 Date Time: 2021-08-15 21:24:58
	 Error Number: 8
	 Error Type: Notice
	 Error Message: Undefined index: accounttype
	 file name: C:\MAMP\htdocs\Betting-R-Us\faq.php
	 Error line number: 14
End reporting
Error reporting
	 Date Time: 2021-08-15 21:26:00
	 Error Number: 8
	 Error Type: Notice
	 Error Message: Undefined index: accounttype
	 file name: C:\MAMP\htdocs\Betting-R-Us\faq.php
	 Error line number: 14
End reporting
Error reporting
	 Date Time: 2021-08-15 21:26:38
	 Error Number: 8
	 Error Type: Notice
	 Error Message: Undefined variable: userType
	 file name: C:\MAMP\htdocs\Betting-R-Us\faq.php
	 Error line number: 17
End reporting
Error reporting
	 Date Time: 2021-08-15 21:27:21
	 Error Number: 8
	 Error Type: Notice
	 Error Message: Undefined index: accounttype
	 file name: C:\MAMP\htdocs\Betting-R-Us\faq.php
	 Error line number: 14
End reporting
Error reporting
	 Date Time: 2021-08-15 21:27:42
	 Error Number: 8
	 Error Type: Notice
	 Error Message: Undefined index: accounttype
	 file name: C:\MAMP\htdocs\Betting-R-Us\faq.php
	 Error line number: 14
End reporting
Error reporting
	 Date Time: 2021-08-15 21:46:12
	 Error Number: 8
	 Error Type: Notice
	 Error Message: Undefined index: accounttype
	 file name: C:\MAMP\htdocs\Betting-R-Us\faq.php
	 Error line number: 15
End reporting
Error reporting
	 Date Time: 2021-08-15 21:46:15
	 Error Number: 8
	 Error Type: Notice
	 Error Message: Undefined index: accounttype
	 file name: C:\MAMP\htdocs\Betting-R-Us\faq.php
	 Error line number: 15
End reporting
Error reporting
	 Date Time: 2021-08-15 21:46:36
	 Error Number: 8
	 Error Type: Notice
	 Error Message: Undefined index: accounttype
	 file name: C:\MAMP\htdocs\Betting-R-Us\faq.php
	 Error line number: 15
End reporting
Error reporting
	 Date Time: 2021-08-15 21:46:41
	 Error Number: 8
	 Error Type: Notice
	 Error Message: Undefined index: accounttype
	 file name: C:\MAMP\htdocs\Betting-R-Us\faq.php
	 Error line number: 15
End reporting
Error reporting
	 Date Time: 2021-08-15 21:46:56
	 Error Number: 8
	 Error Type: Notice
	 Error Message: Undefined index: accounttype
	 file name: C:\MAMP\htdocs\Betting-R-Us\faq.php
	 Error line number: 15
End reporting
Error reporting
	 Date Time: 2021-08-15 21:47:01
	 Error Number: 8
	 Error Type: Notice
	 Error Message: Undefined index: accounttype
	 file name: C:\MAMP\htdocs\Betting-R-Us\faq.php
	 Error line number: 15
End reporting
Error reporting
	 Date Time: 2021-08-15 22:39:31
	 Error Number: 8
	 Error Type: Notice
	 Error Message: Undefined index: accounttype
	 file name: C:\MAMP\htdocs\Betting-R-Us\faq.php
	 Error line number: 15
End reporting
Error reporting
	 Date Time: 2021-08-15 22:41:35
	 Error Number: 8
	 Error Type: Notice
	 Error Message: Undefined index: accounttype
	 file name: C:\MAMP\htdocs\Betting-R-Us\faq.php
	 Error line number: 15
End reporting
Error reporting
	 Date Time: 2021-08-15 22:45:05
	 Error Number: 8
	 Error Type: Notice
	 Error Message: Undefined index: accounttype
	 file name: C:\MAMP\htdocs\Betting-R-Us\faq.php
	 Error line number: 15
End reporting
